app/build/intermediates/manifest_merge_blame_file/release/processReleaseMainManifest/manifest-merger-blame-release-report.txt
1<?xml version="1.0" encoding="utf-8"?>
2<manifest xmlns:android="http://schemas.android.com/apk/res/android"
3    package="com.project.fakegps"
4    android:versionCode="1"
5    android:versionName="1.0" >
6
7    <uses-sdk
8        android:minSdkVersion="21"
9        android:targetSdkVersion="33" />
10
11    <uses-permission android:name="android.permission.INTERNET" />
11-->src/main/AndroidManifest.xml:6:5-67
11-->src/main/AndroidManifest.xml:6:22-64
12    <uses-permission android:name="android.permission.ACCESS_FINE_LOCATION" />
12-->src/main/AndroidManifest.xml:7:5-79
12-->src/main/AndroidManifest.xml:7:22-76
13    <uses-permission android:name="android.permission.ACCESS_COARSE_LOCATION" />
13-->src/main/AndroidManifest.xml:8:5-81
13-->src/main/AndroidManifest.xml:8:22-78
14    <uses-permission android:name="android.permission.ACCESS_MOCK_LOCATION" />
14-->src/main/AndroidManifest.xml:9:5-107
14-->src/main/AndroidManifest.xml:9:22-76
15    <uses-permission android:name="android.permission.RECEIVE_BOOT_COMPLETED" />
15-->src/main/AndroidManifest.xml:10:5-81
15-->src/main/AndroidManifest.xml:10:22-78
16    <uses-permission android:name="android.permission.FOREGROUND_SERVICE" />
16-->src/main/AndroidManifest.xml:11:5-77
16-->src/main/AndroidManifest.xml:11:22-74
17    <uses-permission android:name="android.permission.FOREGROUND_SERVICE_LOCATION" />
17-->src/main/AndroidManifest.xml:12:5-86
17-->src/main/AndroidManifest.xml:12:22-83
18    <uses-permission android:name="android.permission.POST_NOTIFICATIONS" />
18-->src/main/AndroidManifest.xml:13:5-77
18-->src/main/AndroidManifest.xml:13:22-74
19
20    <application
20-->src/main/AndroidManifest.xml:15:5-48:19
21        android:allowBackup="true"
21-->src/main/AndroidManifest.xml:16:9-35
22        android:extractNativeLibs="true"
23        android:label="@string/app_name"
23-->src/main/AndroidManifest.xml:17:9-41
24        android:supportsRtl="true"
24-->src/main/AndroidManifest.xml:18:9-35
25        android:usesCleartextTraffic="true" >
25-->src/main/AndroidManifest.xml:19:9-44
26        <meta-data
26-->src/main/AndroidManifest.xml:21:9-71
27            android:name="xposedmodule"
27-->src/main/AndroidManifest.xml:21:20-47
28            android:value="true" />
28-->src/main/AndroidManifest.xml:21:48-68
29        <meta-data
29-->src/main/AndroidManifest.xml:22:9-121
30            android:name="xposeddescription"
30-->src/main/AndroidManifest.xml:22:20-52
31            android:value="LSPosed Module for Fake GPS System-level spoofing" />
31-->src/main/AndroidManifest.xml:22:53-118
32        <meta-data
32-->src/main/AndroidManifest.xml:23:9-73
33            android:name="xposedminversion"
33-->src/main/AndroidManifest.xml:23:20-51
34            android:value="93" />
34-->src/main/AndroidManifest.xml:23:52-70
35
36        <activity
36-->src/main/AndroidManifest.xml:25:9-32:20
37            android:name="com.project.fakegps.MainActivity"
37-->src/main/AndroidManifest.xml:26:13-41
38            android:exported="true" >
38-->src/main/AndroidManifest.xml:27:13-36
39            <intent-filter>
39-->src/main/AndroidManifest.xml:28:13-31:29
40                <action android:name="android.intent.action.MAIN" />
40-->src/main/AndroidManifest.xml:29:17-69
40-->src/main/AndroidManifest.xml:29:25-66
41
42                <category android:name="android.intent.category.LAUNCHER" />
42-->src/main/AndroidManifest.xml:30:17-77
42-->src/main/AndroidManifest.xml:30:27-74
43            </intent-filter>
44        </activity>
45
46        <service
46-->src/main/AndroidManifest.xml:34:9-36:61
47            android:name="com.project.fakegps.MockLocationService"
47-->src/main/AndroidManifest.xml:34:18-53
48            android:exported="false"
48-->src/main/AndroidManifest.xml:35:18-42
49            android:foregroundServiceType="location" />
49-->src/main/AndroidManifest.xml:36:18-58
50
51        <receiver
51-->src/main/AndroidManifest.xml:38:9-42:20
52            android:name="com.project.fakegps.BootReceiver"
52-->src/main/AndroidManifest.xml:38:19-47
53            android:exported="true" >
53-->src/main/AndroidManifest.xml:38:48-71
54            <intent-filter>
54-->src/main/AndroidManifest.xml:39:13-41:29
55                <action android:name="android.intent.action.BOOT_COMPLETED" />
55-->src/main/AndroidManifest.xml:40:17-79
55-->src/main/AndroidManifest.xml:40:25-76
56            </intent-filter>
57        </receiver>
58
59        <provider
59-->src/main/AndroidManifest.xml:44:9-47:39
60            android:name="com.project.fakegps.LocationProvider"
60-->src/main/AndroidManifest.xml:45:13-45
61            android:authorities="com.project.fakegps.provider"
61-->src/main/AndroidManifest.xml:46:13-63
62            android:exported="true" />
62-->src/main/AndroidManifest.xml:47:13-36
63    </application>
64
65</manifest>